<?xml version="1.0" encoding="UTF-8"?>
<!-- Generated by org.testng.reporters.JUnitReportReporter -->
<testsuite hostname="DESKTOP-T9SLBQ8" failures="0" tests="1" name="roughprojet.GoogleSearchTest" time="0.007" errors="0" timestamp="2020-05-20T23:43:20 GMT-04:00" skipped="0">
  <testcase classname="roughprojet.GoogleSearchTest" name="gsearch" time="0.007"/>
  <system-out/>
</testsuite> <!-- roughprojet.GoogleSearchTest -->
