<?xml version="1.0" encoding="UTF-8"?>
<!-- Generated by org.testng.reporters.JUnitReportReporter -->
<testsuite hostname="DESKTOP-T9SLBQ8" failures="0" tests="2" name="roughprojet.Guru99Test" time="0.001" errors="0" timestamp="2020-05-20T23:43:20 GMT-04:00" skipped="0">
  <testcase classname="roughprojet.Guru99Test" name="newcustomer" time="0.001"/>
  <system-out/>
  <testcase classname="roughprojet.Guru99Test" name="login" time="0.000"/>
  <system-out/>
</testsuite> <!-- roughprojet.Guru99Test -->
